<?xml version="1.0" encoding="UTF-8"?>
<testsuite xmlns:xsi="http://www.w3.org/2001/XMLSchema-instance" xsi:noNamespaceSchemaLocation="https://maven.apache.org/surefire/maven-surefire-plugin/xsd/surefire-test-report-3.0.xsd" version="3.0" name="com.finance.bank.test.BankingSystemTest" time="0.369" tests="30" errors="0" skipped="0" failures="0">
  <properties>
[...]
</properties>
  <testcase name="testValidLogin" classname="com.finance.bank.test.BankingSystemTest" time="0.179"/>
  <testcase name="testInvalidLogin" classname="com.finance.bank.test.BankingSystemTest" time="0.003"/>
  <testcase name="testRoleBasedAccessCustomerCreation" classname="com.finance.bank.test.BankingSystemTest" time="0.006"/>
  <testcase name="testRoleBasedAccessTransactions" classname="com.finance.bank.test.BankingSystemTest" time="0.013"/>
  <testcase name="testCreateCustomerValidNationalId" classname="com.finance.bank.test.BankingSystemTest" time="0.003"/>
  <testcase name="testCreateCustomerInvalidNationalId" classname="com.finance.bank.test.BankingSystemTest" time="0.002"/>
  <testcase name="testDuplicateNationalId" classname="com.finance.bank.test.BankingSystemTest" time="0.009"/>
  <testcase name="testFindCustomerByNationalId" classname="com.finance.bank.test.BankingSystemTest" time="0.003"/>
  <testcase name="testFindNonExistentCustomer" classname="com.finance.bank.test.BankingSystemTest" time="0.004"/>
  <testcase name="testCreateSavingsAccount" classname="com.finance.bank.test.BankingSystemTest" time="0.002"/>
  <testcase name="testCreateCurrentAccountWithOverdraft" classname="com.finance.bank.test.BankingSystemTest" time="0.003"/>
  <testcase name="testMultipleAccountsPerCustomer" classname="com.finance.bank.test.BankingSystemTest" time="0.002"/>
  <testcase name="testDuplicateAccountNumber" classname="com.finance.bank.test.BankingSystemTest" time="0.002"/>
  <testcase name="testValidDeposit" classname="com.finance.bank.test.BankingSystemTest" time="0.004"/>
  <testcase name="testNegativeDeposit" classname="com.finance.bank.test.BankingSystemTest" time="0.003"/>
  <testcase name="testZeroDeposit" classname="com.finance.bank.test.BankingSystemTest" time="0.002"/>
  <testcase name="testValidWithdrawSavings" classname="com.finance.bank.test.BankingSystemTest" time="0.004"/>
  <testcase name="testOverdraftRejectionSavings" classname="com.finance.bank.test.BankingSystemTest" time="0.003"/>
  <testcase name="testOverdraftAllowedCurrent" classname="com.finance.bank.test.BankingSystemTest" time="0.003"/>
  <testcase name="testOverdraftExceeded" classname="com.finance.bank.test.BankingSystemTest" time="0.003"/>
  <testcase name="testTransactionHistory" classname="com.finance.bank.test.BankingSystemTest" time="0.003"/>
  <testcase name="testTransactionEmployeeAudit" classname="com.finance.bank.test.BankingSystemTest" time="0.002"/>
  <testcase name="testBalanceTracking" classname="com.finance.bank.test.BankingSystemTest" time="0.002"/>
  <testcase name="testBalanceConsistency" classname="com.finance.bank.test.BankingSystemTest" time="0.002"/>
  <testcase name="testUniqueTransactionIds" classname="com.finance.bank.test.BankingSystemTest" time="0.004"/>
  <testcase name="testConcurrentOperations" classname="com.finance.bank.test.BankingSystemTest" time="0.004"/>
  <testcase name="testLargeDeposit" classname="com.finance.bank.test.BankingSystemTest" time="0.003"/>
  <testcase name="testSmallDecimalAmounts" classname="com.finance.bank.test.BankingSystemTest" time="0.004"/>
  <testcase name="testInvalidAccountNumber" classname="com.finance.bank.test.BankingSystemTest" time="0.002"/>
  <testcase name="testEmptyTransactionHistory" classname="com.finance.bank.test.BankingSystemTest" time="0.002"/>
</testsuite>